
hkdlnrvgtldvjcuithuncfjevfrhvjvhughkubkevvib
hkdlnrvgtldvjcuithuncfjevfrhvjvhughkubkevvib
krjlldbhcdeihhgkrrkrltuvgfibgniivjcedbbntuhu
hkdlnrvgtldvrikkrkgvltngecdbcdlkhjjlttriuuvn
clear
hkdlnrvgtldvhnjkbfgjefjddfkignevtnjtrngrtieu
hkdlnrvgtldvgnrchtrjgkguvrijlgnndetjgckkfcll
hkdlnrvgtldvgnrchtrjgkguvrijlgnndetjgckkfcll
hkdlnrvgtldvhvdbtdffvtchlrnbnbuuudhvdbjkfruk
krjlldbhcdeigtflijrdetguljgvtkcbkcbtcgnjktjv
krjlldbhcdeigtflijrdetguljgvtkcbkcbtcgnjktjv
hkdlnrvgtldvkdbtgidfrtlhkvbdlilcfjedfkdkchbh
hkdlnrvgtldvkdbtgidfrtlhkvbdlilcfjedfkdkchbh
hkdlnrvgtldvlncufngtlklfvnnjcbnrcncvggrrtvii
krjlldbhcdeinrvcfjvgehcnfrekbterectntrgjriju
krjlldbhcdeihtuufeetcjrlfljeibhdfbvgtidbedin
krjlldbhcdeihtuufeetcjrlfljeibhdfbvgtidbedin
krjlldyhcdeihtuufeetcjrlfljeibhdfbvgtidbedin
krjlldyhcdeihtuufeetcjrlfljeibhdfbvgtidbedin
Lrjlldyhcdeihtuufeetcjrlfljeibhdfbvgtidbedin
hkdlnrvgtldvdgtuhggitrgkhbldlnulbgjlebjjjbbv
hkdlnrvgtldvrkbiblgunbnhrtjbrevhecddjticdcbt
hkdlnrvgtldvuethlrrijhklbrkcgenvnvleufdjleck
hkdlnrvgtldvchdkigcvjietnbjjrdnhkredihiifnck
hkdlnrvgtldvbcrfikvdjnlifibttfvtbtvkblnveubi
hkdlnrvgtldvubvcjlletrrhtnjdvjvvnbceugldlivn
hkdlnrvgtldvubvcjlletrrhtnjdvjvvnbceugldlivn
krjlldbhcdeirthbucvtfntnhbvfjfubvrjdbkknbfeg
krjlldbhcdeiktevubekhnkeefbubdtknlfrkttlbkcn
krjlldbhcdeiktevubekhnkeefbubdtknlfrkttlbkcn
vvithbejikfbudfrcldvdrigllfheekbkuhetkbjvvit
vvithbejikfbudfrcldvdrigllfheekbkuhetkbjvvit
vvithbejikfbudfrcldvdrigllfheekbkuhetkbjvvit
krjlldbhcdeinblbhnnltencgftrrcveklrnhuviidji
krjlldbhcdeinblbhnnltencgftrrcveklrnhuviidji
krjlldbhcdeircnthfbgfvefivlhcftvevedrbjuddgf
krjlldbhcdeivefulugcejttbkegerbntgcujtcicrrd
krjlldbhcdeiuuhddhklgffhvudufbncftttiltdbkkg
krjlldbhcdeiuuhddhklgffhvudufbncftttiltdbkkg
krjlldbhcdeifufhjcfvgiednvrlglfjjflctgnltftc
krjlldbhcdeifufhjcfvgiednvrlglfjjflctgnltftc
krjlldbhcdeiiejfghilrrhdckkjgkdlgitrleiuijig
krjlldbhcdeijluntkvkglihegkfjdcjiiktbtfvbebg
krjlldbhcdeiglvrftitjtrufukecbdrvlgtrgfnfejd
krjlldbhcdeiudhngenhfdccbgkeujhlfeuktdjhtccd
krjlldbhcdeigdcddggjufjgflvtihvcfctgbtghlhvf
krjlldbhcdeiflgdetrndhuktfjuudifglbivntdvchl
krjlldbhcdeiflgdetrndhuktfjuudifglbivntdvchl
krjlldbhcdeiheivhjucleufiiunkjitjiluuinivuhl
krjlldbhcdeiguccecgvbkhhrhkuedfidvvjllddrlcf
krjlldbhcdeiguccecgvbkhhrhkuedfidvvjllddrlcf
krjlldbhcdeifvvvvhgtuefdcjvitrvtuibunkevgrgc
krjlldbhcdeifkvuvhbcgrgkvlriivgjndvitrecjkje
krjlldbhcdeiflducbjdnnthjuvcdjelhrhgbvhgibru
krjlldbhcdeijdeejkkctjugubvjfnlitbbegbrfugiu
krjlldbhcdeiuntcigurberbdhrlnchifelcdlvirlnk
krjlldbhcdeirhcrilbcvvkvhflkhfiujfeevtlbtthd
krjlldbhcdeikdhfvuecurrikjvjkjnengrueifhjnlu
krjlldbhcdeiljjhvrfjfkucrjlhflgebtfcdikftltu
krjlldbhcdeiljjhvrfjfkucrjlhflgebtfcdikftltu
krjlldbhcdeidlegthkedrddfeicchuubktbcctdujli
krjlldbhcdeikjuccnldbvghnecbvibdcrrlvhbulntu
krjlldbhcdeicbhlvddrfkfjveeffdlehrfvinivkirl
krjlldbhcdeifnrvvlgjjndijblfbvvdeltjlcbdneif
krjlldbhcdeigghkdnritbdglvfnfcdgeffntujbdtif
